<paths count="44">
    <path depth="1" count="1" sequence-number="1">doc[@xml:id]</path>
    <path depth="2" count="1" sequence-number="21">doc[@xml:id]/@xml:id</path>
    <path depth="2" count="2" sequence-number="2">doc[@xml:id]/a</path>
    <path depth="3" count="1" sequence-number="5">doc[@xml:id]/a/b</path>
    <path depth="3" count="1" sequence-number="16">doc[@xml:id]/a/b/text()</path>
    <path depth="3" count="1" sequence-number="3">doc[@xml:id]/a/b[@x][@n]</path>
    <path depth="3" count="2" sequence-number="14">doc[@xml:id]/a/b[@x][@n]/text()</path>
    <path depth="4" count="1" sequence-number="23">doc[@xml:id]/a/b[@x][@n]/@n</path>
    <path depth="4" count="1" sequence-number="22">doc[@xml:id]/a/b[@x][@n]/@x</path>
    <path depth="4" count="1" sequence-number="4">doc[@xml:id]/a/b[@x][@n]/e</path>
    <path depth="4" count="1" sequence-number="15">doc[@xml:id]/a/b[@x][@n]/e/text()</path>
    <path depth="3" count="2" sequence-number="11">doc[@xml:id]/a/c</path>
    <path depth="4" count="2" sequence-number="12">doc[@xml:id]/a/c/d[@y]</path>
    <path depth="4" count="4" sequence-number="20">doc[@xml:id]/a/c/d[@y]/text()</path>
    <path depth="5" count="2" sequence-number="29">doc[@xml:id]/a/c/d[@y]/@y</path>
    <path depth="5" count="2" sequence-number="13">doc[@xml:id]/a/c/d[@y]/p[@n]</path>
    <path depth="6" count="2" sequence-number="30">doc[@xml:id]/a/c/d[@y]/p[@n]/@n</path>
    <path depth="2" count="1" sequence-number="6">doc[@xml:id]/a[@u]</path>
    <path depth="3" count="1" sequence-number="24">doc[@xml:id]/a[@u]/@u</path>
    <path depth="3" count="1" sequence-number="7">doc[@xml:id]/a[@u]/c</path>
    <path depth="4" count="1" sequence-number="9">doc[@xml:id]/a[@u]/c/d[@y]</path>
    <path depth="4" count="1" sequence-number="18">doc[@xml:id]/a[@u]/c/d[@y]/text()</path>
    <path depth="5" count="1" sequence-number="27">doc[@xml:id]/a[@u]/c/d[@y]/@y</path>
    <path depth="4" count="2" sequence-number="8">doc[@xml:id]/a[@u]/c/d[@y][@z]</path>
    <path depth="4" count="2" sequence-number="17">doc[@xml:id]/a[@u]/c/d[@y][@z]/text()</path>
    <path depth="5" count="2" sequence-number="25">doc[@xml:id]/a[@u]/c/d[@y][@z]/@y</path>
    <path depth="5" count="2" sequence-number="26">doc[@xml:id]/a[@u]/c/d[@y][@z]/@z</path>
    <path depth="4" count="1" sequence-number="10">doc[@xml:id]/a[@u]/c/d[@z]</path>
    <path depth="4" count="1" sequence-number="19">doc[@xml:id]/a[@u]/c/d[@z]/text()</path>
    <path depth="5" count="1" sequence-number="28">doc[@xml:id]/a[@u]/c/d[@z]/@z</path>
</paths>