<paths count="30">
    <path depth="1" count="1" sequence-number="1">doc[@xml:id]</path>
    <path depth="2" count="1" sequence-number="9">doc[@xml:id]/a[@u]</path>
    <path depth="3" count="1" sequence-number="10">doc[@xml:id]/a[@u]/c</path>
    <path depth="4" count="2" sequence-number="11">doc[@xml:id]/a[@u]/c/d[@y][@z]</path>
    <path depth="4" count="2" sequence-number="12">doc[@xml:id]/a[@u]/c/d[@y][@z]/text()</path>
    <path depth="4" count="1" sequence-number="13">doc[@xml:id]/a[@u]/c/d[@y][not(@z)]</path>
    <path depth="4" count="1" sequence-number="14">doc[@xml:id]/a[@u]/c/d[@y][not(@z)]/text()</path>
    <path depth="4" count="1" sequence-number="15">doc[@xml:id]/a[@u]/c/d[@z][not(@y)]</path>
    <path depth="4" count="1" sequence-number="16">doc[@xml:id]/a[@u]/c/d[@z][not(@y)]/text()</path>
    <path depth="2" count="2" sequence-number="2">doc[@xml:id]/a[not(@u)]</path>
    <path depth="3" count="1" sequence-number="3">doc[@xml:id]/a[not(@u)]/b[@x][@n]</path>
    <path depth="3" count="2" sequence-number="4">doc[@xml:id]/a[not(@u)]/b[@x][@n]/text()</path>
    <path depth="4" count="1" sequence-number="5">doc[@xml:id]/a[not(@u)]/b[@x][@n]/e</path>
    <path depth="4" count="1" sequence-number="6">doc[@xml:id]/a[not(@u)]/b[@x][@n]/e/text()</path>
    <path depth="3" count="1" sequence-number="7">doc[@xml:id]/a[not(@u)]/b[not(@x)][not(@n)]</path>
    <path depth="3" count="1" sequence-number="8">doc[@xml:id]/a[not(@u)]/b[not(@x)][not(@n)]/text()</path>
    <path depth="3" count="2" sequence-number="17">doc[@xml:id]/a[not(@u)]/c</path>
    <path depth="4" count="2" sequence-number="18">doc[@xml:id]/a[not(@u)]/c/d[@y]</path>
    <path depth="4" count="4" sequence-number="19">doc[@xml:id]/a[not(@u)]/c/d[@y]/text()</path>
    <path depth="5" count="2" sequence-number="20">doc[@xml:id]/a[not(@u)]/c/d[@y]/p[@n]</path>
</paths>
