<doc xml:id="x">
    <a>
        <b x="1" n="7">text1<e>text2</e>text3</b>
        <b>text0</b>
    </a>
    <a u="5">
        <c>
            <d y="2" z="3">text4</d>
        </c>
    </a>
    <a>
        <c>
            <d y="4">text5<p n="6"/>text6</d>
        </c>
    </a>
</doc>
