<doc xml:id="x">
    <a>
        <b x="1" n="7">text1<e>text2</e>text3</b>
        <b>text0</b>
    </a>
    <a u="5">
        <c>
            <d y="2" z="3">text4-1</d>
            <d y="3" z="4">text4-2</d>
            <d y="4">text4-3</d>
            <d z="4">text4-4</d>
        </c>
    </a>
    <a>
        <c>
            <d y="4">text5-1<p n="6"/>text6-1</d>
        </c>
        <c>
            <d y="5">text5-2<p n="7"/>text6-2</d>
        </c>
    </a>
</doc>